DEBUG:root:#### Welcome in HubArchiveCreator Debug Mode ####

DEBUG:root:Calling faToTwoBit:
DEBUG:root:---------
DEBUG:root:	
DEBUG:root:Calling twoBitInfo:
DEBUG:root:---------
DEBUG:root:	
DEBUG:root:Calling sort:
DEBUG:root:---------
DEBUG:root:	
DEBUG:root:input_false_path: /home/tianwei/Galaxy/galaxy/database/files/000/dataset_164.dat
DEBUG:root:data_value: {u'long_label': u'LD33m', u'name': u'bamCoverage_on_data_159', u'database': u'', u'track_color': u'#ff0000', u'group_name': u'LD33', u'order_index': u'10'}
DEBUG:root:input_false_path: /home/tianwei/Galaxy/galaxy/database/files/000/dataset_140.dat
DEBUG:root:data_value: {u'long_label': u'LD33', u'name': u'bamCoverage_on_data_126', u'database': u'', u'track_color': u'#e5b9b7', u'group_name': u'LD33', u'order_index': u'11'}
DEBUG:root:----- End of all_datatype_dictionary processing -----
DEBUG:root:all_datatype_ordered_dictionary keys are: [<BigWig.BigWig object at 0x7f34ddbe6ad0>, <BigWig.BigWig object at 0x7f34ddbe69d0>]
DEBUG:root:----- Beginning of Track adding processing -----
DEBUG:root:We just added in /home/tianwei/Galaxy/galaxy/database/jobs_directory/000/158/dataset_165_files/myHub/samMark/groups.txt the group LD33
DEBUG:root:We just added track gonramp_bamCoverage_on_data_126_bigwig (in group ld33)
DEBUG:root:We DON'T add in /home/tianwei/Galaxy/galaxy/database/jobs_directory/000/158/dataset_165_files/myHub/samMark/groups.txt the group LD33
DEBUG:root:We just added track gonramp_bamCoverage_on_data_159_bigwig (in group ld33)
DEBUG:root:----- End of Track adding processing -----
DEBUG:root:#### End of HubArchiveCreator Debug Mode: Bye! ####
