DEBUG:root:#### Welcome in HubArchiveCreator Debug Mode ####

DEBUG:root:Calling faToTwoBit:
DEBUG:root:---------
DEBUG:root:	
DEBUG:root:Calling twoBitInfo:
DEBUG:root:---------
DEBUG:root:	
DEBUG:root:Calling sort:
DEBUG:root:---------
DEBUG:root:	
DEBUG:root:input_false_path: /home/tianwei/Galaxy/galaxy/database/files/000/dataset_140.dat
DEBUG:root:data_value: {u'long_label': u'nonrD', u'name': u'bamCoverage_on_data_126', u'database': u'', u'track_color': u'#000000', u'group_name': u'123', u'order_index': u'10'}
DEBUG:root:input_false_path: /home/tianwei/Galaxy/galaxy/database/files/000/dataset_156.dat
DEBUG:root:data_value: {u'long_label': u'rD', u'name': u'bamCoverage_on_data_151', u'database': u'', u'track_color': u'#95b3d7', u'group_name': u'123', u'order_index': u'11'}
DEBUG:root:----- End of all_datatype_dictionary processing -----
DEBUG:root:all_datatype_ordered_dictionary keys are: [<BigWig.BigWig object at 0x7f29abfdfad0>, <BigWig.BigWig object at 0x7f29abfdf9d0>]
DEBUG:root:----- Beginning of Track adding processing -----
DEBUG:root:We just added in /home/tianwei/Galaxy/galaxy/database/jobs_directory/000/152/dataset_159_files/myHub/LD33_rD/groups.txt the group 123
DEBUG:root:We just added track gonramp_bamCoverage_on_data_151_bigwig (in group 123)
DEBUG:root:We DON'T add in /home/tianwei/Galaxy/galaxy/database/jobs_directory/000/152/dataset_159_files/myHub/LD33_rD/groups.txt the group 123
DEBUG:root:We just added track gonramp_bamCoverage_on_data_126_bigwig (in group 123)
DEBUG:root:----- End of Track adding processing -----
DEBUG:root:#### End of HubArchiveCreator Debug Mode: Bye! ####
